20:55:37 **** Incremental Build of configuration Debug for project lab2-2 ****
make -j16 all 
arm-none-eabi-gcc "../Core/Src/main.c" -mcpu=cortex-m4 -std=gnu11 -g3 -DDEBUG -DUSE_HAL_DRIVER -DSTM32L4S5xx -c -I../Core/Inc -I../Drivers/STM32L4xx_HAL_Driver/Inc -I../Drivers/STM32L4xx_HAL_Driver/Inc/Legacy -I../Drivers/CMSIS/Device/ST/STM32L4xx/Include -I../Drivers/CMSIS/Include -O0 -ffunction-sections -fdata-sections -Wall -fstack-usage -fcyclomatic-complexity -MMD -MP -MF"Core/Src/main.d" -MT"Core/Src/main.o" --specs=nano.specs -mfpu=fpv4-sp-d16 -mfloat-abi=hard -mthumb -o "Core/Src/main.o"
../Core/Src/main.c: In function 'main':
../Core/Src/main.c:118:19: warning: unused variable 'Temperature' [-Wunused-variable]
  118 |           int32_t Temperature = __HAL_ADC_CALC_TEMPERATURE(VREFANALOG_VOLTAGE, adcValue,ADC_RESOLUTION_12B);
      |                   ^~~~~~~~~~~
../Core/Src/main.c:114:20: warning: unused variable 'vdda_voltage' [-Wunused-variable]
  114 |           uint32_t vdda_voltage = __HAL_ADC_CALC_VREFANALOG_VOLTAGE(adcValue, ADC_RESOLUTION_12B);
      |                    ^~~~~~~~~~~~
arm-none-eabi-gcc -o "lab2-2.elf" @"objects.list"   -mcpu=cortex-m4 -T"C:\Users\Ali\STM32CubeIDE\workspace_1.16.0\lab2-2\STM32L4S5VITX_FLASH.ld" --specs=nosys.specs -Wl,-Map="lab2-2.map" -Wl,--gc-sections -static --specs=nano.specs -mfpu=fpv4-sp-d16 -mfloat-abi=hard -mthumb -Wl,--start-group -lc -lm -Wl,--end-group
C:/ST/STM32CubeIDE_1.16.0/STM32CubeIDE/plugins/com.st.stm32cube.ide.mcu.externaltools.gnu-tools-for-stm32.12.3.rel1.win32_1.0.200.202406191623/tools/bin/../lib/gcc/arm-none-eabi/12.3.1/../../../../arm-none-eabi/bin/ld.exe: warning: lab2-2.elf has a LOAD segment with RWX permissions
Finished building target: lab2-2.elf
 
arm-none-eabi-size  lab2-2.elf 
arm-none-eabi-objdump -h -S lab2-2.elf  > "lab2-2.list"
   text	   data	    bss	    dec	    hex	filename
  15172	     20	   1676	  16868	   41e4	lab2-2.elf
Finished building: default.size.stdout
 
Finished building: lab2-2.list
 
20:55:42 **** Incremental Build of configuration Debug for project lab2-2 ****
make -j16 all 
arm-none-eabi-size  lab2-2.elf 
   text	   data	    bss	    dec	    hex	filename
  15172	     20	   1676	  16868	   41e4	lab2-2.elf
Finished building: default.size.stdout
 
20:57:28 **** Incremental Build of configuration Debug for project lab2-2 ****
make -j16 all 
arm-none-eabi-gcc "../Core/Src/main.c" -mcpu=cortex-m4 -std=gnu11 -g3 -DDEBUG -DUSE_HAL_DRIVER -DSTM32L4S5xx -c -I../Core/Inc -I../Drivers/STM32L4xx_HAL_Driver/Inc -I../Drivers/STM32L4xx_HAL_Driver/Inc/Legacy -I../Drivers/CMSIS/Device/ST/STM32L4xx/Include -I../Drivers/CMSIS/Include -O0 -ffunction-sections -fdata-sections -Wall -fstack-usage -fcyclomatic-complexity -MMD -MP -MF"Core/Src/main.d" -MT"Core/Src/main.o" --specs=nano.specs -mfpu=fpv4-sp-d16 -mfloat-abi=hard -mthumb -o "Core/Src/main.o"
../Core/Src/main.c: In function 'main':
../Core/Src/main.c:118:19: warning: unused variable 'Temperature' [-Wunused-variable]
  118 |           int32_t Temperature = __HAL_ADC_CALC_TEMPERATURE(VREFANALOG_VOLTAGE, adcValue,ADC_RESOLUTION_12B);
      |                   ^~~~~~~~~~~
../Core/Src/main.c:114:20: warning: unused variable 'vdda_voltage' [-Wunused-variable]
  114 |           uint32_t vdda_voltage = __HAL_ADC_CALC_VREFANALOG_VOLTAGE(adcValue, ADC_RESOLUTION_12B);
      |                    ^~~~~~~~~~~~
arm-none-eabi-gcc -o "lab2-2.elf" @"objects.list"   -mcpu=cortex-m4 -T"C:\Users\Ali\STM32CubeIDE\workspace_1.16.0\lab2-2\STM32L4S5VITX_FLASH.ld" --specs=nosys.specs -Wl,-Map="lab2-2.map" -Wl,--gc-sections -static --specs=nano.specs -mfpu=fpv4-sp-d16 -mfloat-abi=hard -mthumb -Wl,--start-group -lc -lm -Wl,--end-group
C:/ST/STM32CubeIDE_1.16.0/STM32CubeIDE/plugins/com.st.stm32cube.ide.mcu.externaltools.gnu-tools-for-stm32.12.3.rel1.win32_1.0.200.202406191623/tools/bin/../lib/gcc/arm-none-eabi/12.3.1/../../../../arm-none-eabi/bin/ld.exe: warning: lab2-2.elf has a LOAD segment with RWX permissions
Finished building target: lab2-2.elf
 
arm-none-eabi-size  lab2-2.elf 
arm-none-eabi-objdump -h -S lab2-2.elf  > "lab2-2.list"
   text	   data	    bss	    dec	    hex	filename
  15180	     20	   1676	  16876	   41ec	lab2-2.elf
Finished building: default.size.stdout
 
Finished building: lab2-2.list
 
20:58:16 **** Incremental Build of configuration Debug for project lab2-2 ****
make -j16 all 
arm-none-eabi-gcc "../Core/Src/main.c" -mcpu=cortex-m4 -std=gnu11 -g3 -DDEBUG -DUSE_HAL_DRIVER -DSTM32L4S5xx -c -I../Core/Inc -I../Drivers/STM32L4xx_HAL_Driver/Inc -I../Drivers/STM32L4xx_HAL_Driver/Inc/Legacy -I../Drivers/CMSIS/Device/ST/STM32L4xx/Include -I../Drivers/CMSIS/Include -O0 -ffunction-sections -fdata-sections -Wall -fstack-usage -fcyclomatic-complexity -MMD -MP -MF"Core/Src/main.d" -MT"Core/Src/main.o" --specs=nano.specs -mfpu=fpv4-sp-d16 -mfloat-abi=hard -mthumb -o "Core/Src/main.o"
../Core/Src/main.c: In function 'main':
../Core/Src/main.c:119:20: error: redefinition of 'adcValue'
  119 |           uint32_t adcValue = HAL_ADC_GetValue(&hadc1);
      |                    ^~~~~~~~
../Core/Src/main.c:112:20: note: previous definition of 'adcValue' with type 'uint32_t' {aka 'long unsigned int'}
  112 |           uint32_t adcValue = HAL_ADC_GetValue(&hadc1);
      |                    ^~~~~~~~
../Core/Src/main.c:124:19: warning: unused variable 'Temperature' [-Wunused-variable]
  124 |           int32_t Temperature = __HAL_ADC_CALC_TEMPERATURE(VREFANALOG_VOLTAGE, adcValue,ADC_RESOLUTION_12B);
      |                   ^~~~~~~~~~~
../Core/Src/main.c:114:20: warning: unused variable 'vdda_voltage' [-Wunused-variable]
  114 |           uint32_t vdda_voltage = __HAL_ADC_CALC_VREFANALOG_VOLTAGE(adcValue, ADC_RESOLUTION_12B);
      |                    ^~~~~~~~~~~~
make: *** [Core/Src/subdir.mk:34: Core/Src/main.o] Error 1
"make -j16 all" terminated with exit code 2. Build might be incomplete.
20:58:29 **** Incremental Build of configuration Debug for project lab2-2 ****
make -j16 all 
arm-none-eabi-gcc "../Core/Src/main.c" -mcpu=cortex-m4 -std=gnu11 -g3 -DDEBUG -DUSE_HAL_DRIVER -DSTM32L4S5xx -c -I../Core/Inc -I../Drivers/STM32L4xx_HAL_Driver/Inc -I../Drivers/STM32L4xx_HAL_Driver/Inc/Legacy -I../Drivers/CMSIS/Device/ST/STM32L4xx/Include -I../Drivers/CMSIS/Include -O0 -ffunction-sections -fdata-sections -Wall -fstack-usage -fcyclomatic-complexity -MMD -MP -MF"Core/Src/main.d" -MT"Core/Src/main.o" --specs=nano.specs -mfpu=fpv4-sp-d16 -mfloat-abi=hard -mthumb -o "Core/Src/main.o"
../Core/Src/main.c: In function 'main':
../Core/Src/main.c:124:19: warning: unused variable 'Temperature' [-Wunused-variable]
  124 |           int32_t Temperature = __HAL_ADC_CALC_TEMPERATURE(VREFANALOG_VOLTAGE, adcValue,ADC_RESOLUTION_12B);
      |                   ^~~~~~~~~~~
../Core/Src/main.c:114:20: warning: unused variable 'vdda_voltage' [-Wunused-variable]
  114 |           uint32_t vdda_voltage = __HAL_ADC_CALC_VREFANALOG_VOLTAGE(adcValue, ADC_RESOLUTION_12B);
      |                    ^~~~~~~~~~~~
arm-none-eabi-gcc -o "lab2-2.elf" @"objects.list"   -mcpu=cortex-m4 -T"C:\Users\Ali\STM32CubeIDE\workspace_1.16.0\lab2-2\STM32L4S5VITX_FLASH.ld" --specs=nosys.specs -Wl,-Map="lab2-2.map" -Wl,--gc-sections -static --specs=nano.specs -mfpu=fpv4-sp-d16 -mfloat-abi=hard -mthumb -Wl,--start-group -lc -lm -Wl,--end-group
C:/ST/STM32CubeIDE_1.16.0/STM32CubeIDE/plugins/com.st.stm32cube.ide.mcu.externaltools.gnu-tools-for-stm32.12.3.rel1.win32_1.0.200.202406191623/tools/bin/../lib/gcc/arm-none-eabi/12.3.1/../../../../arm-none-eabi/bin/ld.exe: warning: lab2-2.elf has a LOAD segment with RWX permissions
Finished building target: lab2-2.elf
 
arm-none-eabi-size  lab2-2.elf 
arm-none-eabi-objdump -h -S lab2-2.elf  > "lab2-2.list"
   text	   data	    bss	    dec	    hex	filename
  15212	     20	   1676	  16908	   420c	lab2-2.elf
Finished building: default.size.stdout
 
Finished building: lab2-2.list
 
20:59:23 **** Incremental Build of configuration Debug for project lab2-2 ****
make -j16 all 
arm-none-eabi-gcc "../Core/Src/main.c" -mcpu=cortex-m4 -std=gnu11 -g3 -DDEBUG -DUSE_HAL_DRIVER -DSTM32L4S5xx -c -I../Core/Inc -I../Drivers/STM32L4xx_HAL_Driver/Inc -I../Drivers/STM32L4xx_HAL_Driver/Inc/Legacy -I../Drivers/CMSIS/Device/ST/STM32L4xx/Include -I../Drivers/CMSIS/Include -O0 -ffunction-sections -fdata-sections -Wall -fstack-usage -fcyclomatic-complexity -MMD -MP -MF"Core/Src/main.d" -MT"Core/Src/main.o" --specs=nano.specs -mfpu=fpv4-sp-d16 -mfloat-abi=hard -mthumb -o "Core/Src/main.o"
../Core/Src/main.c: In function 'main':
../Core/Src/main.c:126:19: warning: unused variable 'Temperature' [-Wunused-variable]
  126 |           int32_t Temperature = __HAL_ADC_CALC_TEMPERATURE(VREFANALOG_VOLTAGE, adcValue,ADC_RESOLUTION_12B);
      |                   ^~~~~~~~~~~
../Core/Src/main.c:114:20: warning: unused variable 'vdda_voltage' [-Wunused-variable]
  114 |           uint32_t vdda_voltage = __HAL_ADC_CALC_VREFANALOG_VOLTAGE(adcValue, ADC_RESOLUTION_12B);
      |                    ^~~~~~~~~~~~
arm-none-eabi-gcc -o "lab2-2.elf" @"objects.list"   -mcpu=cortex-m4 -T"C:\Users\Ali\STM32CubeIDE\workspace_1.16.0\lab2-2\STM32L4S5VITX_FLASH.ld" --specs=nosys.specs -Wl,-Map="lab2-2.map" -Wl,--gc-sections -static --specs=nano.specs -mfpu=fpv4-sp-d16 -mfloat-abi=hard -mthumb -Wl,--start-group -lc -lm -Wl,--end-group
C:/ST/STM32CubeIDE_1.16.0/STM32CubeIDE/plugins/com.st.stm32cube.ide.mcu.externaltools.gnu-tools-for-stm32.12.3.rel1.win32_1.0.200.202406191623/tools/bin/../lib/gcc/arm-none-eabi/12.3.1/../../../../arm-none-eabi/bin/ld.exe: warning: lab2-2.elf has a LOAD segment with RWX permissions
Finished building target: lab2-2.elf
 
arm-none-eabi-size  lab2-2.elf 
arm-none-eabi-objdump -h -S lab2-2.elf  > "lab2-2.list"
   text	   data	    bss	    dec	    hex	filename
  15212	     20	   1676	  16908	   420c	lab2-2.elf
Finished building: default.size.stdout
 
Finished building: lab2-2.list
 
21:00:15 **** Incremental Build of configuration Debug for project lab2-2 ****
make -j16 all 
arm-none-eabi-gcc "../Core/Src/main.c" -mcpu=cortex-m4 -std=gnu11 -g3 -DDEBUG -DUSE_HAL_DRIVER -DSTM32L4S5xx -c -I../Core/Inc -I../Drivers/STM32L4xx_HAL_Driver/Inc -I../Drivers/STM32L4xx_HAL_Driver/Inc/Legacy -I../Drivers/CMSIS/Device/ST/STM32L4xx/Include -I../Drivers/CMSIS/Include -O0 -ffunction-sections -fdata-sections -Wall -fstack-usage -fcyclomatic-complexity -MMD -MP -MF"Core/Src/main.d" -MT"Core/Src/main.o" --specs=nano.specs -mfpu=fpv4-sp-d16 -mfloat-abi=hard -mthumb -o "Core/Src/main.o"
../Core/Src/main.c: In function 'main':
../Core/Src/main.c:117:28: error: expected expression before '{' token
  117 |           channel_config = {.Channel = ADC_CHANNEL_TEMPSENSOR, .Rank = ADC_REGULAR_RANK_1, .SamplingTime=ADC_SAMPLETIME_12CYCLES_5,
      |                            ^
../Core/Src/main.c:128:19: warning: unused variable 'Temperature' [-Wunused-variable]
  128 |           int32_t Temperature = __HAL_ADC_CALC_TEMPERATURE(VREFANALOG_VOLTAGE, adcValue,ADC_RESOLUTION_12B);
      |                   ^~~~~~~~~~~
../Core/Src/main.c:114:20: warning: unused variable 'vdda_voltage' [-Wunused-variable]
  114 |           uint32_t vdda_voltage = __HAL_ADC_CALC_VREFANALOG_VOLTAGE(adcValue, ADC_RESOLUTION_12B);
      |                    ^~~~~~~~~~~~
make: *** [Core/Src/subdir.mk:34: Core/Src/main.o] Error 1
"make -j16 all" terminated with exit code 2. Build might be incomplete.
21:00:54 **** Incremental Build of configuration Debug for project lab2-2 ****
make -j16 all 
arm-none-eabi-gcc "../Core/Src/main.c" -mcpu=cortex-m4 -std=gnu11 -g3 -DDEBUG -DUSE_HAL_DRIVER -DSTM32L4S5xx -c -I../Core/Inc -I../Drivers/STM32L4xx_HAL_Driver/Inc -I../Drivers/STM32L4xx_HAL_Driver/Inc/Legacy -I../Drivers/CMSIS/Device/ST/STM32L4xx/Include -I../Drivers/CMSIS/Include -O0 -ffunction-sections -fdata-sections -Wall -fstack-usage -fcyclomatic-complexity -MMD -MP -MF"Core/Src/main.d" -MT"Core/Src/main.o" --specs=nano.specs -mfpu=fpv4-sp-d16 -mfloat-abi=hard -mthumb -o "Core/Src/main.o"
../Core/Src/main.c: In function 'main':
../Core/Src/main.c:131:19: warning: unused variable 'Temperature' [-Wunused-variable]
  131 |           int32_t Temperature = __HAL_ADC_CALC_TEMPERATURE(VREFANALOG_VOLTAGE, adcValue,ADC_RESOLUTION_12B);
      |                   ^~~~~~~~~~~
../Core/Src/main.c:114:20: warning: unused variable 'vdda_voltage' [-Wunused-variable]
  114 |           uint32_t vdda_voltage = __HAL_ADC_CALC_VREFANALOG_VOLTAGE(adcValue, ADC_RESOLUTION_12B);
      |                    ^~~~~~~~~~~~
arm-none-eabi-gcc -o "lab2-2.elf" @"objects.list"   -mcpu=cortex-m4 -T"C:\Users\Ali\STM32CubeIDE\workspace_1.16.0\lab2-2\STM32L4S5VITX_FLASH.ld" --specs=nosys.specs -Wl,-Map="lab2-2.map" -Wl,--gc-sections -static --specs=nano.specs -mfpu=fpv4-sp-d16 -mfloat-abi=hard -mthumb -Wl,--start-group -lc -lm -Wl,--end-group
C:/ST/STM32CubeIDE_1.16.0/STM32CubeIDE/plugins/com.st.stm32cube.ide.mcu.externaltools.gnu-tools-for-stm32.12.3.rel1.win32_1.0.200.202406191623/tools/bin/../lib/gcc/arm-none-eabi/12.3.1/../../../../arm-none-eabi/bin/ld.exe: warning: lab2-2.elf has a LOAD segment with RWX permissions
Finished building target: lab2-2.elf
 
arm-none-eabi-size  lab2-2.elf 
arm-none-eabi-objdump -h -S lab2-2.elf  > "lab2-2.list"
   text	   data	    bss	    dec	    hex	filename
  15280	     20	   1676	  16976	   4250	lab2-2.elf
Finished building: default.size.stdout
 
Finished building: lab2-2.list
 
10:19:11 **** Incremental Build of configuration Debug for project lab2-2 ****
make -j16 all 
arm-none-eabi-gcc "../Core/Src/main.c" -mcpu=cortex-m4 -std=gnu11 -g3 -DDEBUG -DUSE_HAL_DRIVER -DSTM32L4S5xx -c -I../Core/Inc -I../Drivers/STM32L4xx_HAL_Driver/Inc -I../Drivers/STM32L4xx_HAL_Driver/Inc/Legacy -I../Drivers/CMSIS/Device/ST/STM32L4xx/Include -I../Drivers/CMSIS/Include -O0 -ffunction-sections -fdata-sections -Wall -fstack-usage -fcyclomatic-complexity -MMD -MP -MF"Core/Src/main.d" -MT"Core/Src/main.o" --specs=nano.specs -mfpu=fpv4-sp-d16 -mfloat-abi=hard -mthumb -o "Core/Src/main.o"
../Core/Src/main.c: In function 'main':
../Core/Src/main.c:135:19: warning: unused variable 'Temperature' [-Wunused-variable]
  135 |           int32_t Temperature = __HAL_ADC_CALC_TEMPERATURE(VREFANALOG_VOLTAGE, adcValue,ADC_RESOLUTION_12B);
      |                   ^~~~~~~~~~~
../Core/Src/main.c:116:20: warning: unused variable 'vdda_voltage' [-Wunused-variable]
  116 |           uint32_t vdda_voltage = __HAL_ADC_CALC_VREFANALOG_VOLTAGE(adcValue, ADC_RESOLUTION_12B);
      |                    ^~~~~~~~~~~~
arm-none-eabi-gcc -o "lab2-2.elf" @"objects.list"   -mcpu=cortex-m4 -T"C:\Users\Ali\STM32CubeIDE\workspace_1.16.0\lab2-2\STM32L4S5VITX_FLASH.ld" --specs=nosys.specs -Wl,-Map="lab2-2.map" -Wl,--gc-sections -static --specs=nano.specs -mfpu=fpv4-sp-d16 -mfloat-abi=hard -mthumb -Wl,--start-group -lc -lm -Wl,--end-group
C:/ST/STM32CubeIDE_1.16.0/STM32CubeIDE/plugins/com.st.stm32cube.ide.mcu.externaltools.gnu-tools-for-stm32.12.3.rel1.win32_1.0.200.202406191623/tools/bin/../lib/gcc/arm-none-eabi/12.3.1/../../../../arm-none-eabi/bin/ld.exe: warning: lab2-2.elf has a LOAD segment with RWX permissions
Finished building target: lab2-2.elf
 
arm-none-eabi-size  lab2-2.elf 
arm-none-eabi-objdump -h -S lab2-2.elf  > "lab2-2.list"
   text	   data	    bss	    dec	    hex	filename
  15280	     20	   1676	  16976	   4250	lab2-2.elf
Finished building: default.size.stdout
 
Finished building: lab2-2.list
 
10:21:14 **** Incremental Build of configuration Debug for project lab2-2 ****
make -j16 all 
arm-none-eabi-gcc "../Core/Src/main.c" -mcpu=cortex-m4 -std=gnu11 -g3 -DDEBUG -DUSE_HAL_DRIVER -DSTM32L4S5xx -c -I../Core/Inc -I../Drivers/STM32L4xx_HAL_Driver/Inc -I../Drivers/STM32L4xx_HAL_Driver/Inc/Legacy -I../Drivers/CMSIS/Device/ST/STM32L4xx/Include -I../Drivers/CMSIS/Include -O0 -ffunction-sections -fdata-sections -Wall -fstack-usage -fcyclomatic-complexity -MMD -MP -MF"Core/Src/main.d" -MT"Core/Src/main.o" --specs=nano.specs -mfpu=fpv4-sp-d16 -mfloat-abi=hard -mthumb -o "Core/Src/main.o"
../Core/Src/main.c: In function 'main':
../Core/Src/main.c:127:28: warning: unused variable 'vdda_voltage' [-Wunused-variable]
  127 |                   uint32_t vdda_voltage = __HAL_ADC_CALC_VREFANALOG_VOLTAGE(adcValue, ADC_RESOLUTION_12B);
      |                            ^~~~~~~~~~~~
../Core/Src/main.c:140:19: error: 'adcValue' undeclared (first use in this function)
  140 |                   adcValue = HAL_ADC_GetValue(&hadc1);
      |                   ^~~~~~~~
../Core/Src/main.c:140:19: note: each undeclared identifier is reported only once for each function it appears in
../Core/Src/main.c:145:27: warning: unused variable 'Temperature' [-Wunused-variable]
  145 |                   int32_t Temperature = __HAL_ADC_CALC_TEMPERATURE(VREFANALOG_VOLTAGE, adcValue,ADC_RESOLUTION_12B);
      |                           ^~~~~~~~~~~
make: *** [Core/Src/subdir.mk:34: Core/Src/main.o] Error 1
"make -j16 all" terminated with exit code 2. Build might be incomplete.
10:21:40 **** Incremental Build of configuration Debug for project lab2-2 ****
make -j16 all 
arm-none-eabi-gcc "../Core/Src/main.c" -mcpu=cortex-m4 -std=gnu11 -g3 -DDEBUG -DUSE_HAL_DRIVER -DSTM32L4S5xx -c -I../Core/Inc -I../Drivers/STM32L4xx_HAL_Driver/Inc -I../Drivers/STM32L4xx_HAL_Driver/Inc/Legacy -I../Drivers/CMSIS/Device/ST/STM32L4xx/Include -I../Drivers/CMSIS/Include -O0 -ffunction-sections -fdata-sections -Wall -fstack-usage -fcyclomatic-complexity -MMD -MP -MF"Core/Src/main.d" -MT"Core/Src/main.o" --specs=nano.specs -mfpu=fpv4-sp-d16 -mfloat-abi=hard -mthumb -o "Core/Src/main.o"
../Core/Src/main.c: In function 'main':
../Core/Src/main.c:127:28: warning: unused variable 'vdda_voltage' [-Wunused-variable]
  127 |                   uint32_t vdda_voltage = __HAL_ADC_CALC_VREFANALOG_VOLTAGE(adcValue, ADC_RESOLUTION_12B);
      |                            ^~~~~~~~~~~~
../Core/Src/main.c:145:27: warning: unused variable 'Temperature' [-Wunused-variable]
  145 |                   int32_t Temperature = __HAL_ADC_CALC_TEMPERATURE(VREFANALOG_VOLTAGE, adcValue,ADC_RESOLUTION_12B);
      |                           ^~~~~~~~~~~
arm-none-eabi-gcc -o "lab2-2.elf" @"objects.list"   -mcpu=cortex-m4 -T"C:\Users\Ali\STM32CubeIDE\workspace_1.16.0\lab2-2\STM32L4S5VITX_FLASH.ld" --specs=nosys.specs -Wl,-Map="lab2-2.map" -Wl,--gc-sections -static --specs=nano.specs -mfpu=fpv4-sp-d16 -mfloat-abi=hard -mthumb -Wl,--start-group -lc -lm -Wl,--end-group
C:/ST/STM32CubeIDE_1.16.0/STM32CubeIDE/plugins/com.st.stm32cube.ide.mcu.externaltools.gnu-tools-for-stm32.12.3.rel1.win32_1.0.200.202406191623/tools/bin/../lib/gcc/arm-none-eabi/12.3.1/../../../../arm-none-eabi/bin/ld.exe: warning: lab2-2.elf has a LOAD segment with RWX permissions
Finished building target: lab2-2.elf
 
arm-none-eabi-size  lab2-2.elf 
arm-none-eabi-objdump -h -S lab2-2.elf  > "lab2-2.list"
   text	   data	    bss	    dec	    hex	filename
  15280	     20	   1676	  16976	   4250	lab2-2.elf
Finished building: default.size.stdout
 
Finished building: lab2-2.list
 
10:22:40 **** Incremental Build of configuration Debug for project lab2-2 ****
make -j16 all 
arm-none-eabi-gcc "../Core/Src/main.c" -mcpu=cortex-m4 -std=gnu11 -g3 -DDEBUG -DUSE_HAL_DRIVER -DSTM32L4S5xx -c -I../Core/Inc -I../Drivers/STM32L4xx_HAL_Driver/Inc -I../Drivers/STM32L4xx_HAL_Driver/Inc/Legacy -I../Drivers/CMSIS/Device/ST/STM32L4xx/Include -I../Drivers/CMSIS/Include -O0 -ffunction-sections -fdata-sections -Wall -fstack-usage -fcyclomatic-complexity -MMD -MP -MF"Core/Src/main.d" -MT"Core/Src/main.o" --specs=nano.specs -mfpu=fpv4-sp-d16 -mfloat-abi=hard -mthumb -o "Core/Src/main.o"
../Core/Src/main.c: In function 'main':
../Core/Src/main.c:135:19: warning: unused variable 'Temperature' [-Wunused-variable]
  135 |           int32_t Temperature = __HAL_ADC_CALC_TEMPERATURE(VREFANALOG_VOLTAGE, adcValue,ADC_RESOLUTION_12B);
      |                   ^~~~~~~~~~~
../Core/Src/main.c:116:20: warning: unused variable 'vdda_voltage' [-Wunused-variable]
  116 |           uint32_t vdda_voltage = __HAL_ADC_CALC_VREFANALOG_VOLTAGE(adcValue, ADC_RESOLUTION_12B);
      |                    ^~~~~~~~~~~~
arm-none-eabi-gcc -o "lab2-2.elf" @"objects.list"   -mcpu=cortex-m4 -T"C:\Users\Ali\STM32CubeIDE\workspace_1.16.0\lab2-2\STM32L4S5VITX_FLASH.ld" --specs=nosys.specs -Wl,-Map="lab2-2.map" -Wl,--gc-sections -static --specs=nano.specs -mfpu=fpv4-sp-d16 -mfloat-abi=hard -mthumb -Wl,--start-group -lc -lm -Wl,--end-group
C:/ST/STM32CubeIDE_1.16.0/STM32CubeIDE/plugins/com.st.stm32cube.ide.mcu.externaltools.gnu-tools-for-stm32.12.3.rel1.win32_1.0.200.202406191623/tools/bin/../lib/gcc/arm-none-eabi/12.3.1/../../../../arm-none-eabi/bin/ld.exe: warning: lab2-2.elf has a LOAD segment with RWX permissions
Finished building target: lab2-2.elf
 
arm-none-eabi-size  lab2-2.elf 
arm-none-eabi-objdump -h -S lab2-2.elf  > "lab2-2.list"
   text	   data	    bss	    dec	    hex	filename
  15280	     20	   1676	  16976	   4250	lab2-2.elf
Finished building: default.size.stdout
 
Finished building: lab2-2.list
 
10:23:58 **** Incremental Build of configuration Debug for project lab2-2 ****
make -j16 all 
arm-none-eabi-gcc "../Core/Src/main.c" -mcpu=cortex-m4 -std=gnu11 -g3 -DDEBUG -DUSE_HAL_DRIVER -DSTM32L4S5xx -c -I../Core/Inc -I../Drivers/STM32L4xx_HAL_Driver/Inc -I../Drivers/STM32L4xx_HAL_Driver/Inc/Legacy -I../Drivers/CMSIS/Device/ST/STM32L4xx/Include -I../Drivers/CMSIS/Include -O0 -ffunction-sections -fdata-sections -Wall -fstack-usage -fcyclomatic-complexity -MMD -MP -MF"Core/Src/main.d" -MT"Core/Src/main.o" --specs=nano.specs -mfpu=fpv4-sp-d16 -mfloat-abi=hard -mthumb -o "Core/Src/main.o"
../Core/Src/main.c: In function 'main':
../Core/Src/main.c:137:19: warning: unused variable 'Temperature' [-Wunused-variable]
  137 |           int32_t Temperature = __HAL_ADC_CALC_TEMPERATURE(VREFANALOG_VOLTAGE, adcValue,ADC_RESOLUTION_12B);
      |                   ^~~~~~~~~~~
../Core/Src/main.c:117:20: warning: unused variable 'vdda_voltage' [-Wunused-variable]
  117 |           uint32_t vdda_voltage = __HAL_ADC_CALC_VREFANALOG_VOLTAGE(adcValue, ADC_RESOLUTION_12B);
      |                    ^~~~~~~~~~~~
arm-none-eabi-gcc -o "lab2-2.elf" @"objects.list"   -mcpu=cortex-m4 -T"C:\Users\Ali\STM32CubeIDE\workspace_1.16.0\lab2-2\STM32L4S5VITX_FLASH.ld" --specs=nosys.specs -Wl,-Map="lab2-2.map" -Wl,--gc-sections -static --specs=nano.specs -mfpu=fpv4-sp-d16 -mfloat-abi=hard -mthumb -Wl,--start-group -lc -lm -Wl,--end-group
C:/ST/STM32CubeIDE_1.16.0/STM32CubeIDE/plugins/com.st.stm32cube.ide.mcu.externaltools.gnu-tools-for-stm32.12.3.rel1.win32_1.0.200.202406191623/tools/bin/../lib/gcc/arm-none-eabi/12.3.1/../../../../arm-none-eabi/bin/ld.exe: warning: lab2-2.elf has a LOAD segment with RWX permissions
Finished building target: lab2-2.elf
 
arm-none-eabi-size  lab2-2.elf 
arm-none-eabi-objdump -h -S lab2-2.elf  > "lab2-2.list"
   text	   data	    bss	    dec	    hex	filename
  15304	     20	   1676	  17000	   4268	lab2-2.elf
Finished building: default.size.stdout
 
Finished building: lab2-2.list
 
